<?xml version="1.0" encoding="UTF-8"?>
<testsuite xmlns:xsi="http://www.w3.org/2001/XMLSchema-instance" xsi:noNamespaceSchemaLocation="https://maven.apache.org/surefire/maven-surefire-plugin/xsd/surefire-test-report.xsd" name="nc.unc.kevin.trochon.CalculTest" time="0.088" tests="5" errors="0" skipped="0" failures="0">
  <properties>
    <property name="sun.desktop" value="windows"/>
    <property name="awt.toolkit" value="sun.awt.windows.WToolkit"/>
    <property name="file.encoding.pkg" value="sun.io"/>
    <property name="java.specification.version" value="1.8"/>
    <property name="sun.cpu.isalist" value="amd64"/>
    <property name="sun.jnu.encoding" value="Cp1252"/>
    <property name="java.class.path" value="D:\C306_DEVOIR\Devoir_1\activite2exo2\target\test-classes;D:\C306_DEVOIR\Devoir_1\activite2exo2\target\classes;C:\Users\troch\.m2\repository\org\junit\jupiter\junit-jupiter-api\5.8.1\junit-jupiter-api-5.8.1.jar;C:\Users\troch\.m2\repository\org\opentest4j\opentest4j\1.2.0\opentest4j-1.2.0.jar;C:\Users\troch\.m2\repository\org\junit\platform\junit-platform-commons\1.8.1\junit-platform-commons-1.8.1.jar;C:\Users\troch\.m2\repository\org\apiguardian\apiguardian-api\1.1.2\apiguardian-api-1.1.2.jar;C:\Users\troch\.m2\repository\org\apache\maven\plugins\maven-checkstyle-plugin\3.1.2\maven-checkstyle-plugin-3.1.2.jar;C:\Users\troch\.m2\repository\org\apache\maven\maven-artifact\3.0\maven-artifact-3.0.jar;C:\Users\troch\.m2\repository\org\apache\maven\maven-core\3.0\maven-core-3.0.jar;C:\Users\troch\.m2\repository\org\apache\maven\maven-settings-builder\3.0\maven-settings-builder-3.0.jar;C:\Users\troch\.m2\repository\org\apache\maven\maven-repository-metadata\3.0\maven-repository-metadata-3.0.jar;C:\Users\troch\.m2\repository\org\apache\maven\maven-model-builder\3.0\maven-model-builder-3.0.jar;C:\Users\troch\.m2\repository\org\apache\maven\maven-aether-provider\3.0\maven-aether-provider-3.0.jar;C:\Users\troch\.m2\repository\org\sonatype\aether\aether-impl\1.7\aether-impl-1.7.jar;C:\Users\troch\.m2\repository\org\sonatype\aether\aether-spi\1.7\aether-spi-1.7.jar;C:\Users\troch\.m2\repository\org\sonatype\aether\aether-api\1.7\aether-api-1.7.jar;C:\Users\troch\.m2\repository\org\sonatype\aether\aether-util\1.7\aether-util-1.7.jar;C:\Users\troch\.m2\repository\org\sonatype\sisu\sisu-inject-plexus\1.4.2\sisu-inject-plexus-1.4.2.jar;C:\Users\troch\.m2\repository\org\sonatype\sisu\sisu-inject-bean\1.4.2\sisu-inject-bean-1.4.2.jar;C:\Users\troch\.m2\repository\org\sonatype\sisu\sisu-guice\2.1.7\sisu-guice-2.1.7-noaop.jar;C:\Users\troch\.m2\repository\org\codehaus\plexus\plexus-classworlds\2.2.3\plexus-classworlds-2.2.3.jar;C:\Users\troch\.m2\repository\org\sonatype\plexus\plexus-sec-dispatcher\1.3\plexus-sec-dispatcher-1.3.jar;C:\Users\troch\.m2\repository\org\sonatype\plexus\plexus-cipher\1.4\plexus-cipher-1.4.jar;C:\Users\troch\.m2\repository\org\apache\maven\maven-model\3.0\maven-model-3.0.jar;C:\Users\troch\.m2\repository\org\apache\maven\maven-plugin-api\3.0\maven-plugin-api-3.0.jar;C:\Users\troch\.m2\repository\org\apache\maven\reporting\maven-reporting-api\3.0\maven-reporting-api-3.0.jar;C:\Users\troch\.m2\repository\org\apache\maven\reporting\maven-reporting-impl\2.3\maven-reporting-impl-2.3.jar;C:\Users\troch\.m2\repository\commons-validator\commons-validator\1.3.1\commons-validator-1.3.1.jar;C:\Users\troch\.m2\repository\org\apache\maven\doxia\doxia-sink-api\1.4\doxia-sink-api-1.4.jar;C:\Users\troch\.m2\repository\org\apache\maven\doxia\doxia-logging-api\1.4\doxia-logging-api-1.4.jar;C:\Users\troch\.m2\repository\org\apache\maven\doxia\doxia-decoration-model\1.4\doxia-decoration-model-1.4.jar;C:\Users\troch\.m2\repository\org\apache\maven\doxia\doxia-site-renderer\1.4\doxia-site-renderer-1.4.jar;C:\Users\troch\.m2\repository\org\apache\maven\doxia\doxia-module-xhtml\1.4\doxia-module-xhtml-1.4.jar;C:\Users\troch\.m2\repository\org\apache\maven\doxia\doxia-module-fml\1.4\doxia-module-fml-1.4.jar;C:\Users\troch\.m2\repository\org\codehaus\plexus\plexus-i18n\1.0-beta-7\plexus-i18n-1.0-beta-7.jar;C:\Users\troch\.m2\repository\org\apache\velocity\velocity-tools\2.0\velocity-tools-2.0.jar;C:\Users\troch\.m2\repository\dom4j\dom4j\1.1\dom4j-1.1.jar;C:\Users\troch\.m2\repository\oro\oro\2.0.8\oro-2.0.8.jar;C:\Users\troch\.m2\repository\sslext\sslext\1.2-0\sslext-1.2-0.jar;C:\Users\troch\.m2\repository\org\apache\struts\struts-core\1.3.8\struts-core-1.3.8.jar;C:\Users\troch\.m2\repository\org\apache\struts\struts-taglib\1.3.8\struts-taglib-1.3.8.jar;C:\Users\troch\.m2\repository\org\apache\struts\struts-tiles\1.3.8\struts-tiles-1.3.8.jar;C:\Users\troch\.m2\repository\org\apache\maven\doxia\doxia-integration-tools\1.6\doxia-integration-tools-1.6.jar;C:\Users\troch\.m2\repository\org\codehaus\plexus\plexus-component-annotations\2.0.0\plexus-component-annotations-2.0.0.jar;C:\Users\troch\.m2\repository\org\codehaus\plexus\plexus-resources\1.1.0\plexus-resources-1.1.0.jar;C:\Users\troch\.m2\repository\org\codehaus\plexus\plexus-utils\3.3.0\plexus-utils-3.3.0.jar;C:\Users\troch\.m2\repository\org\codehaus\plexus\plexus-interpolation\1.26\plexus-interpolation-1.26.jar;C:\Users\troch\.m2\repository\org\codehaus\plexus\plexus-velocity\1.2\plexus-velocity-1.2.jar;C:\Users\troch\.m2\repository\com\puppycrawl\tools\checkstyle\8.29\checkstyle-8.29.jar;C:\Users\troch\.m2\repository\info\picocli\picocli\4.1.4\picocli-4.1.4.jar;C:\Users\troch\.m2\repository\antlr\antlr\2.7.7\antlr-2.7.7.jar;C:\Users\troch\.m2\repository\org\antlr\antlr4-runtime\4.8-1\antlr4-runtime-4.8-1.jar;C:\Users\troch\.m2\repository\com\google\guava\guava\28.2-jre\guava-28.2-jre.jar;C:\Users\troch\.m2\repository\com\google\guava\failureaccess\1.0.1\failureaccess-1.0.1.jar;C:\Users\troch\.m2\repository\com\google\guava\listenablefuture\9999.0-empty-to-avoid-conflict-with-guava\listenablefuture-9999.0-empty-to-avoid-conflict-with-guava.jar;C:\Users\troch\.m2\repository\com\google\code\findbugs\jsr305\3.0.2\jsr305-3.0.2.jar;C:\Users\troch\.m2\repository\org\checkerframework\checker-qual\2.10.0\checker-qual-2.10.0.jar;C:\Users\troch\.m2\repository\com\google\errorprone\error_prone_annotations\2.3.4\error_prone_annotations-2.3.4.jar;C:\Users\troch\.m2\repository\com\google\j2objc\j2objc-annotations\1.3\j2objc-annotations-1.3.jar;C:\Users\troch\.m2\repository\net\sf\saxon\Saxon-HE\9.9.1-6\Saxon-HE-9.9.1-6.jar;C:\Users\troch\.m2\repository\org\apache\velocity\velocity\1.7\velocity-1.7.jar;C:\Users\troch\.m2\repository\com\github\spotbugs\spotbugs\4.4.2\spotbugs-4.4.2.jar;C:\Users\troch\.m2\repository\org\apache\bcel\bcel\6.5.0\bcel-6.5.0.jar;C:\Users\troch\.m2\repository\net\jcip\jcip-annotations\1.0\jcip-annotations-1.0.jar;C:\Users\troch\.m2\repository\org\dom4j\dom4j\2.1.3\dom4j-2.1.3.jar;C:\Users\troch\.m2\repository\com\github\spotbugs\spotbugs-annotations\4.4.2\spotbugs-annotations-4.4.2.jar;C:\Users\troch\.m2\repository\com\google\code\gson\gson\2.8.8\gson-2.8.8.jar;C:\Users\troch\.m2\repository\jaxen\jaxen\1.2.0\jaxen-1.2.0.jar;C:\Users\troch\.m2\repository\org\slf4j\jcl-over-slf4j\2.0.0-alpha5\jcl-over-slf4j-2.0.0-alpha5.jar;C:\Users\troch\.m2\repository\org\slf4j\slf4j-simple\2.0.0-alpha5\slf4j-simple-2.0.0-alpha5.jar;C:\Users\troch\.m2\repository\org\apache\ant\ant\1.10.12\ant-1.10.12.jar;C:\Users\troch\.m2\repository\org\apache\ant\ant-launcher\1.10.12\ant-launcher-1.10.12.jar;C:\Program Files\Java\jdk1.8.0_281\jre\..\lib\tools.jar;C:\Users\troch\.m2\repository\org\codehaus\groovy\groovy\3.0.9\groovy-3.0.9-indy.jar;C:\Users\troch\.m2\repository\org\codehaus\groovy\groovy-ant\3.0.9\groovy-ant-3.0.9-indy.jar;C:\Users\troch\.m2\repository\org\codehaus\groovy\groovy-dateutil\3.0.9\groovy-dateutil-3.0.9-indy.jar;C:\Users\troch\.m2\repository\org\codehaus\groovy\groovy-docgenerator\3.0.9\groovy-docgenerator-3.0.9-indy.jar;C:\Users\troch\.m2\repository\org\codehaus\groovy\groovy-groovydoc\3.0.9\groovy-groovydoc-3.0.9-indy.jar;C:\Users\troch\.m2\repository\com\github\javaparser\javaparser-core\3.23.0\javaparser-core-3.23.0.jar;C:\Users\troch\.m2\repository\org\codehaus\groovy\groovy-templates\3.0.9\groovy-templates-3.0.9-indy.jar;C:\Users\troch\.m2\repository\org\codehaus\groovy\groovy-xml\3.0.9\groovy-xml-3.0.9-indy.jar;C:\Users\troch\.m2\repository\org\codehaus\groovy\groovy-json\3.0.9\groovy-json-3.0.9-indy.jar;C:\Users\troch\.m2\repository\org\apache\maven\shared\maven-artifact-transfer\0.13.1\maven-artifact-transfer-0.13.1.jar;C:\Users\troch\.m2\repository\org\apache\maven\shared\maven-common-artifact-filters\3.2.0\maven-common-artifact-filters-3.2.0.jar;C:\Users\troch\.m2\repository\org\eclipse\aether\aether-api\0.9.0.M2\aether-api-0.9.0.M2.jar;C:\Users\troch\.m2\repository\org\eclipse\aether\aether-util\0.9.0.M2\aether-util-0.9.0.M2.jar;C:\Users\troch\.m2\repository\org\eclipse\sisu\org.eclipse.sisu.plexus\0.0.0.M5\org.eclipse.sisu.plexus-0.0.0.M5.jar;C:\Users\troch\.m2\repository\javax\enterprise\cdi-api\1.0\cdi-api-1.0.jar;C:\Users\troch\.m2\repository\javax\annotation\jsr250-api\1.0\jsr250-api-1.0.jar;C:\Users\troch\.m2\repository\org\sonatype\sisu\sisu-guice\3.1.0\sisu-guice-3.1.0-no_aop.jar;C:\Users\troch\.m2\repository\aopalliance\aopalliance\1.0\aopalliance-1.0.jar;C:\Users\troch\.m2\repository\org\eclipse\sisu\org.eclipse.sisu.inject\0.0.0.M5\org.eclipse.sisu.inject-0.0.0.M5.jar;C:\Users\troch\.m2\repository\org\apache\maven\shared\maven-shared-utils\3.3.4\maven-shared-utils-3.3.4.jar;C:\Users\troch\.m2\repository\org\apache\maven\doxia\doxia-core\1.10\doxia-core-1.10.jar;C:\Users\troch\.m2\repository\commons-beanutils\commons-beanutils\1.9.4\commons-beanutils-1.9.4.jar;C:\Users\troch\.m2\repository\commons-chain\commons-chain\1.2\commons-chain-1.2.jar;C:\Users\troch\.m2\repository\commons-codec\commons-codec\1.15\commons-codec-1.15.jar;C:\Users\troch\.m2\repository\commons-collections\commons-collections\3.2.2\commons-collections-3.2.2.jar;C:\Users\troch\.m2\repository\commons-digester\commons-digester\2.1\commons-digester-2.1.jar;C:\Users\troch\.m2\repository\commons-io\commons-io\2.11.0\commons-io-2.11.0.jar;C:\Users\troch\.m2\repository\commons-lang\commons-lang\2.6\commons-lang-2.6.jar;C:\Users\troch\.m2\repository\org\apache\commons\commons-lang3\3.12.0\commons-lang3-3.12.0.jar;C:\Users\troch\.m2\repository\org\codehaus\plexus\plexus-container-default\2.1.0\plexus-container-default-2.1.0.jar;C:\Users\troch\.m2\repository\org\apache\xbean\xbean-reflect\3.7\xbean-reflect-3.7.jar;C:\Users\troch\.m2\repository\org\slf4j\slf4j-api\2.0.0-alpha5\slf4j-api-2.0.0-alpha5.jar;C:\Users\troch\.m2\repository\org\ow2\asm\asm\9.2\asm-9.2.jar;C:\Users\troch\.m2\repository\org\ow2\asm\asm-analysis\9.2\asm-analysis-9.2.jar;C:\Users\troch\.m2\repository\org\ow2\asm\asm-commons\9.2\asm-commons-9.2.jar;C:\Users\troch\.m2\repository\org\ow2\asm\asm-tree\9.2\asm-tree-9.2.jar;C:\Users\troch\.m2\repository\org\ow2\asm\asm-util\9.2\asm-util-9.2.jar;C:\Users\troch\.m2\repository\org\apache\maven\plugins\maven-javadoc-plugin\3.3.1\maven-javadoc-plugin-3.3.1.jar;C:\Users\troch\.m2\repository\org\apache\maven\maven-settings\3.0\maven-settings-3.0.jar;C:\Users\troch\.m2\repository\org\apache\maven\maven-archiver\3.5.1\maven-archiver-3.5.1.jar;C:\Users\troch\.m2\repository\org\apache\maven\shared\maven-invoker\3.1.0\maven-invoker-3.1.0.jar;C:\Users\troch\.m2\repository\javax\inject\javax.inject\1\javax.inject-1.jar;C:\Users\troch\.m2\repository\org\apache\maven\wagon\wagon-provider-api\2.4\wagon-provider-api-2.4.jar;C:\Users\troch\.m2\repository\org\apache\commons\commons-text\1.9\commons-text-1.9.jar;C:\Users\troch\.m2\repository\org\apache\httpcomponents\httpclient\4.5.13\httpclient-4.5.13.jar;C:\Users\troch\.m2\repository\commons-logging\commons-logging\1.2\commons-logging-1.2.jar;C:\Users\troch\.m2\repository\org\apache\httpcomponents\httpcore\4.4.14\httpcore-4.4.14.jar;C:\Users\troch\.m2\repository\com\thoughtworks\qdox\qdox\2.0.0\qdox-2.0.0.jar;C:\Users\troch\.m2\repository\org\codehaus\plexus\plexus-java\1.1.0\plexus-java-1.1.0.jar;C:\Users\troch\.m2\repository\org\codehaus\plexus\plexus-archiver\4.2.5\plexus-archiver-4.2.5.jar;C:\Users\troch\.m2\repository\org\apache\commons\commons-compress\1.20\commons-compress-1.20.jar;C:\Users\troch\.m2\repository\org\iq80\snappy\snappy\0.4\snappy-0.4.jar;C:\Users\troch\.m2\repository\org\tukaani\xz\1.9\xz-1.9.jar;C:\Users\troch\.m2\repository\org\codehaus\plexus\plexus-io\3.2.0\plexus-io-3.2.0.jar;C:\Users\troch\.m2\repository\org\codehaus\plexus\plexus-interactivity-api\1.0\plexus-interactivity-api-1.0.jar;"/>
    <property name="java.vm.vendor" value="Oracle Corporation"/>
    <property name="sun.arch.data.model" value="64"/>
    <property name="user.variant" value=""/>
    <property name="java.vendor.url" value="http://java.oracle.com/"/>
    <property name="user.timezone" value="Pacific/Guadalcanal"/>
    <property name="java.vm.specification.version" value="1.8"/>
    <property name="os.name" value="Windows 10"/>
    <property name="user.country" value="FR"/>
    <property name="sun.java.launcher" value="SUN_STANDARD"/>
    <property name="sun.boot.library.path" value="C:\Program Files\Java\jdk1.8.0_281\jre\bin"/>
    <property name="sun.java.command" value="C:\Users\troch\AppData\Local\Temp\surefire6553704658174774855\surefirebooter6876461664007528241.jar C:\Users\troch\AppData\Local\Temp\surefire6553704658174774855 2021-11-19T16-56-27_573-jvmRun1 surefire3444872977895175413tmp surefire_02341616595494226124tmp"/>
    <property name="surefire.test.class.path" value="D:\C306_DEVOIR\Devoir_1\activite2exo2\target\test-classes;D:\C306_DEVOIR\Devoir_1\activite2exo2\target\classes;C:\Users\troch\.m2\repository\org\junit\jupiter\junit-jupiter-api\5.8.1\junit-jupiter-api-5.8.1.jar;C:\Users\troch\.m2\repository\org\opentest4j\opentest4j\1.2.0\opentest4j-1.2.0.jar;C:\Users\troch\.m2\repository\org\junit\platform\junit-platform-commons\1.8.1\junit-platform-commons-1.8.1.jar;C:\Users\troch\.m2\repository\org\apiguardian\apiguardian-api\1.1.2\apiguardian-api-1.1.2.jar;C:\Users\troch\.m2\repository\org\apache\maven\plugins\maven-checkstyle-plugin\3.1.2\maven-checkstyle-plugin-3.1.2.jar;C:\Users\troch\.m2\repository\org\apache\maven\maven-artifact\3.0\maven-artifact-3.0.jar;C:\Users\troch\.m2\repository\org\apache\maven\maven-core\3.0\maven-core-3.0.jar;C:\Users\troch\.m2\repository\org\apache\maven\maven-settings-builder\3.0\maven-settings-builder-3.0.jar;C:\Users\troch\.m2\repository\org\apache\maven\maven-repository-metadata\3.0\maven-repository-metadata-3.0.jar;C:\Users\troch\.m2\repository\org\apache\maven\maven-model-builder\3.0\maven-model-builder-3.0.jar;C:\Users\troch\.m2\repository\org\apache\maven\maven-aether-provider\3.0\maven-aether-provider-3.0.jar;C:\Users\troch\.m2\repository\org\sonatype\aether\aether-impl\1.7\aether-impl-1.7.jar;C:\Users\troch\.m2\repository\org\sonatype\aether\aether-spi\1.7\aether-spi-1.7.jar;C:\Users\troch\.m2\repository\org\sonatype\aether\aether-api\1.7\aether-api-1.7.jar;C:\Users\troch\.m2\repository\org\sonatype\aether\aether-util\1.7\aether-util-1.7.jar;C:\Users\troch\.m2\repository\org\sonatype\sisu\sisu-inject-plexus\1.4.2\sisu-inject-plexus-1.4.2.jar;C:\Users\troch\.m2\repository\org\sonatype\sisu\sisu-inject-bean\1.4.2\sisu-inject-bean-1.4.2.jar;C:\Users\troch\.m2\repository\org\sonatype\sisu\sisu-guice\2.1.7\sisu-guice-2.1.7-noaop.jar;C:\Users\troch\.m2\repository\org\codehaus\plexus\plexus-classworlds\2.2.3\plexus-classworlds-2.2.3.jar;C:\Users\troch\.m2\repository\org\sonatype\plexus\plexus-sec-dispatcher\1.3\plexus-sec-dispatcher-1.3.jar;C:\Users\troch\.m2\repository\org\sonatype\plexus\plexus-cipher\1.4\plexus-cipher-1.4.jar;C:\Users\troch\.m2\repository\org\apache\maven\maven-model\3.0\maven-model-3.0.jar;C:\Users\troch\.m2\repository\org\apache\maven\maven-plugin-api\3.0\maven-plugin-api-3.0.jar;C:\Users\troch\.m2\repository\org\apache\maven\reporting\maven-reporting-api\3.0\maven-reporting-api-3.0.jar;C:\Users\troch\.m2\repository\org\apache\maven\reporting\maven-reporting-impl\2.3\maven-reporting-impl-2.3.jar;C:\Users\troch\.m2\repository\commons-validator\commons-validator\1.3.1\commons-validator-1.3.1.jar;C:\Users\troch\.m2\repository\org\apache\maven\doxia\doxia-sink-api\1.4\doxia-sink-api-1.4.jar;C:\Users\troch\.m2\repository\org\apache\maven\doxia\doxia-logging-api\1.4\doxia-logging-api-1.4.jar;C:\Users\troch\.m2\repository\org\apache\maven\doxia\doxia-decoration-model\1.4\doxia-decoration-model-1.4.jar;C:\Users\troch\.m2\repository\org\apache\maven\doxia\doxia-site-renderer\1.4\doxia-site-renderer-1.4.jar;C:\Users\troch\.m2\repository\org\apache\maven\doxia\doxia-module-xhtml\1.4\doxia-module-xhtml-1.4.jar;C:\Users\troch\.m2\repository\org\apache\maven\doxia\doxia-module-fml\1.4\doxia-module-fml-1.4.jar;C:\Users\troch\.m2\repository\org\codehaus\plexus\plexus-i18n\1.0-beta-7\plexus-i18n-1.0-beta-7.jar;C:\Users\troch\.m2\repository\org\apache\velocity\velocity-tools\2.0\velocity-tools-2.0.jar;C:\Users\troch\.m2\repository\dom4j\dom4j\1.1\dom4j-1.1.jar;C:\Users\troch\.m2\repository\oro\oro\2.0.8\oro-2.0.8.jar;C:\Users\troch\.m2\repository\sslext\sslext\1.2-0\sslext-1.2-0.jar;C:\Users\troch\.m2\repository\org\apache\struts\struts-core\1.3.8\struts-core-1.3.8.jar;C:\Users\troch\.m2\repository\org\apache\struts\struts-taglib\1.3.8\struts-taglib-1.3.8.jar;C:\Users\troch\.m2\repository\org\apache\struts\struts-tiles\1.3.8\struts-tiles-1.3.8.jar;C:\Users\troch\.m2\repository\org\apache\maven\doxia\doxia-integration-tools\1.6\doxia-integration-tools-1.6.jar;C:\Users\troch\.m2\repository\org\codehaus\plexus\plexus-component-annotations\2.0.0\plexus-component-annotations-2.0.0.jar;C:\Users\troch\.m2\repository\org\codehaus\plexus\plexus-resources\1.1.0\plexus-resources-1.1.0.jar;C:\Users\troch\.m2\repository\org\codehaus\plexus\plexus-utils\3.3.0\plexus-utils-3.3.0.jar;C:\Users\troch\.m2\repository\org\codehaus\plexus\plexus-interpolation\1.26\plexus-interpolation-1.26.jar;C:\Users\troch\.m2\repository\org\codehaus\plexus\plexus-velocity\1.2\plexus-velocity-1.2.jar;C:\Users\troch\.m2\repository\com\puppycrawl\tools\checkstyle\8.29\checkstyle-8.29.jar;C:\Users\troch\.m2\repository\info\picocli\picocli\4.1.4\picocli-4.1.4.jar;C:\Users\troch\.m2\repository\antlr\antlr\2.7.7\antlr-2.7.7.jar;C:\Users\troch\.m2\repository\org\antlr\antlr4-runtime\4.8-1\antlr4-runtime-4.8-1.jar;C:\Users\troch\.m2\repository\com\google\guava\guava\28.2-jre\guava-28.2-jre.jar;C:\Users\troch\.m2\repository\com\google\guava\failureaccess\1.0.1\failureaccess-1.0.1.jar;C:\Users\troch\.m2\repository\com\google\guava\listenablefuture\9999.0-empty-to-avoid-conflict-with-guava\listenablefuture-9999.0-empty-to-avoid-conflict-with-guava.jar;C:\Users\troch\.m2\repository\com\google\code\findbugs\jsr305\3.0.2\jsr305-3.0.2.jar;C:\Users\troch\.m2\repository\org\checkerframework\checker-qual\2.10.0\checker-qual-2.10.0.jar;C:\Users\troch\.m2\repository\com\google\errorprone\error_prone_annotations\2.3.4\error_prone_annotations-2.3.4.jar;C:\Users\troch\.m2\repository\com\google\j2objc\j2objc-annotations\1.3\j2objc-annotations-1.3.jar;C:\Users\troch\.m2\repository\net\sf\saxon\Saxon-HE\9.9.1-6\Saxon-HE-9.9.1-6.jar;C:\Users\troch\.m2\repository\org\apache\velocity\velocity\1.7\velocity-1.7.jar;C:\Users\troch\.m2\repository\com\github\spotbugs\spotbugs\4.4.2\spotbugs-4.4.2.jar;C:\Users\troch\.m2\repository\org\apache\bcel\bcel\6.5.0\bcel-6.5.0.jar;C:\Users\troch\.m2\repository\net\jcip\jcip-annotations\1.0\jcip-annotations-1.0.jar;C:\Users\troch\.m2\repository\org\dom4j\dom4j\2.1.3\dom4j-2.1.3.jar;C:\Users\troch\.m2\repository\com\github\spotbugs\spotbugs-annotations\4.4.2\spotbugs-annotations-4.4.2.jar;C:\Users\troch\.m2\repository\com\google\code\gson\gson\2.8.8\gson-2.8.8.jar;C:\Users\troch\.m2\repository\jaxen\jaxen\1.2.0\jaxen-1.2.0.jar;C:\Users\troch\.m2\repository\org\slf4j\jcl-over-slf4j\2.0.0-alpha5\jcl-over-slf4j-2.0.0-alpha5.jar;C:\Users\troch\.m2\repository\org\slf4j\slf4j-simple\2.0.0-alpha5\slf4j-simple-2.0.0-alpha5.jar;C:\Users\troch\.m2\repository\org\apache\ant\ant\1.10.12\ant-1.10.12.jar;C:\Users\troch\.m2\repository\org\apache\ant\ant-launcher\1.10.12\ant-launcher-1.10.12.jar;C:\Program Files\Java\jdk1.8.0_281\jre\..\lib\tools.jar;C:\Users\troch\.m2\repository\org\codehaus\groovy\groovy\3.0.9\groovy-3.0.9-indy.jar;C:\Users\troch\.m2\repository\org\codehaus\groovy\groovy-ant\3.0.9\groovy-ant-3.0.9-indy.jar;C:\Users\troch\.m2\repository\org\codehaus\groovy\groovy-dateutil\3.0.9\groovy-dateutil-3.0.9-indy.jar;C:\Users\troch\.m2\repository\org\codehaus\groovy\groovy-docgenerator\3.0.9\groovy-docgenerator-3.0.9-indy.jar;C:\Users\troch\.m2\repository\org\codehaus\groovy\groovy-groovydoc\3.0.9\groovy-groovydoc-3.0.9-indy.jar;C:\Users\troch\.m2\repository\com\github\javaparser\javaparser-core\3.23.0\javaparser-core-3.23.0.jar;C:\Users\troch\.m2\repository\org\codehaus\groovy\groovy-templates\3.0.9\groovy-templates-3.0.9-indy.jar;C:\Users\troch\.m2\repository\org\codehaus\groovy\groovy-xml\3.0.9\groovy-xml-3.0.9-indy.jar;C:\Users\troch\.m2\repository\org\codehaus\groovy\groovy-json\3.0.9\groovy-json-3.0.9-indy.jar;C:\Users\troch\.m2\repository\org\apache\maven\shared\maven-artifact-transfer\0.13.1\maven-artifact-transfer-0.13.1.jar;C:\Users\troch\.m2\repository\org\apache\maven\shared\maven-common-artifact-filters\3.2.0\maven-common-artifact-filters-3.2.0.jar;C:\Users\troch\.m2\repository\org\eclipse\aether\aether-api\0.9.0.M2\aether-api-0.9.0.M2.jar;C:\Users\troch\.m2\repository\org\eclipse\aether\aether-util\0.9.0.M2\aether-util-0.9.0.M2.jar;C:\Users\troch\.m2\repository\org\eclipse\sisu\org.eclipse.sisu.plexus\0.0.0.M5\org.eclipse.sisu.plexus-0.0.0.M5.jar;C:\Users\troch\.m2\repository\javax\enterprise\cdi-api\1.0\cdi-api-1.0.jar;C:\Users\troch\.m2\repository\javax\annotation\jsr250-api\1.0\jsr250-api-1.0.jar;C:\Users\troch\.m2\repository\org\sonatype\sisu\sisu-guice\3.1.0\sisu-guice-3.1.0-no_aop.jar;C:\Users\troch\.m2\repository\aopalliance\aopalliance\1.0\aopalliance-1.0.jar;C:\Users\troch\.m2\repository\org\eclipse\sisu\org.eclipse.sisu.inject\0.0.0.M5\org.eclipse.sisu.inject-0.0.0.M5.jar;C:\Users\troch\.m2\repository\org\apache\maven\shared\maven-shared-utils\3.3.4\maven-shared-utils-3.3.4.jar;C:\Users\troch\.m2\repository\org\apache\maven\doxia\doxia-core\1.10\doxia-core-1.10.jar;C:\Users\troch\.m2\repository\commons-beanutils\commons-beanutils\1.9.4\commons-beanutils-1.9.4.jar;C:\Users\troch\.m2\repository\commons-chain\commons-chain\1.2\commons-chain-1.2.jar;C:\Users\troch\.m2\repository\commons-codec\commons-codec\1.15\commons-codec-1.15.jar;C:\Users\troch\.m2\repository\commons-collections\commons-collections\3.2.2\commons-collections-3.2.2.jar;C:\Users\troch\.m2\repository\commons-digester\commons-digester\2.1\commons-digester-2.1.jar;C:\Users\troch\.m2\repository\commons-io\commons-io\2.11.0\commons-io-2.11.0.jar;C:\Users\troch\.m2\repository\commons-lang\commons-lang\2.6\commons-lang-2.6.jar;C:\Users\troch\.m2\repository\org\apache\commons\commons-lang3\3.12.0\commons-lang3-3.12.0.jar;C:\Users\troch\.m2\repository\org\codehaus\plexus\plexus-container-default\2.1.0\plexus-container-default-2.1.0.jar;C:\Users\troch\.m2\repository\org\apache\xbean\xbean-reflect\3.7\xbean-reflect-3.7.jar;C:\Users\troch\.m2\repository\org\slf4j\slf4j-api\2.0.0-alpha5\slf4j-api-2.0.0-alpha5.jar;C:\Users\troch\.m2\repository\org\ow2\asm\asm\9.2\asm-9.2.jar;C:\Users\troch\.m2\repository\org\ow2\asm\asm-analysis\9.2\asm-analysis-9.2.jar;C:\Users\troch\.m2\repository\org\ow2\asm\asm-commons\9.2\asm-commons-9.2.jar;C:\Users\troch\.m2\repository\org\ow2\asm\asm-tree\9.2\asm-tree-9.2.jar;C:\Users\troch\.m2\repository\org\ow2\asm\asm-util\9.2\asm-util-9.2.jar;C:\Users\troch\.m2\repository\org\apache\maven\plugins\maven-javadoc-plugin\3.3.1\maven-javadoc-plugin-3.3.1.jar;C:\Users\troch\.m2\repository\org\apache\maven\maven-settings\3.0\maven-settings-3.0.jar;C:\Users\troch\.m2\repository\org\apache\maven\maven-archiver\3.5.1\maven-archiver-3.5.1.jar;C:\Users\troch\.m2\repository\org\apache\maven\shared\maven-invoker\3.1.0\maven-invoker-3.1.0.jar;C:\Users\troch\.m2\repository\javax\inject\javax.inject\1\javax.inject-1.jar;C:\Users\troch\.m2\repository\org\apache\maven\wagon\wagon-provider-api\2.4\wagon-provider-api-2.4.jar;C:\Users\troch\.m2\repository\org\apache\commons\commons-text\1.9\commons-text-1.9.jar;C:\Users\troch\.m2\repository\org\apache\httpcomponents\httpclient\4.5.13\httpclient-4.5.13.jar;C:\Users\troch\.m2\repository\commons-logging\commons-logging\1.2\commons-logging-1.2.jar;C:\Users\troch\.m2\repository\org\apache\httpcomponents\httpcore\4.4.14\httpcore-4.4.14.jar;C:\Users\troch\.m2\repository\com\thoughtworks\qdox\qdox\2.0.0\qdox-2.0.0.jar;C:\Users\troch\.m2\repository\org\codehaus\plexus\plexus-java\1.1.0\plexus-java-1.1.0.jar;C:\Users\troch\.m2\repository\org\codehaus\plexus\plexus-archiver\4.2.5\plexus-archiver-4.2.5.jar;C:\Users\troch\.m2\repository\org\apache\commons\commons-compress\1.20\commons-compress-1.20.jar;C:\Users\troch\.m2\repository\org\iq80\snappy\snappy\0.4\snappy-0.4.jar;C:\Users\troch\.m2\repository\org\tukaani\xz\1.9\xz-1.9.jar;C:\Users\troch\.m2\repository\org\codehaus\plexus\plexus-io\3.2.0\plexus-io-3.2.0.jar;C:\Users\troch\.m2\repository\org\codehaus\plexus\plexus-interactivity-api\1.0\plexus-interactivity-api-1.0.jar;"/>
    <property name="sun.cpu.endian" value="little"/>
    <property name="user.home" value="C:\Users\troch"/>
    <property name="user.language" value="fr"/>
    <property name="java.specification.vendor" value="Oracle Corporation"/>
    <property name="java.home" value="C:\Program Files\Java\jdk1.8.0_281\jre"/>
    <property name="basedir" value="D:\C306_DEVOIR\Devoir_1\activite2exo2"/>
    <property name="file.separator" value="\"/>
    <property name="line.separator" value="&#10;"/>
    <property name="java.vm.specification.vendor" value="Oracle Corporation"/>
    <property name="java.specification.name" value="Java Platform API Specification"/>
    <property name="java.awt.graphicsenv" value="sun.awt.Win32GraphicsEnvironment"/>
    <property name="surefire.real.class.path" value="C:\Users\troch\AppData\Local\Temp\surefire6553704658174774855\surefirebooter6876461664007528241.jar;C:\\Users\\troch\\.m2\\repository\\org\\jacoco\\org.jacoco.agent\\0.8.7\\org.jacoco.agent-0.8.7-runtime.jar"/>
    <property name="sun.boot.class.path" value="C:\Program Files\Java\jdk1.8.0_281\jre\lib\resources.jar;C:\Program Files\Java\jdk1.8.0_281\jre\lib\rt.jar;C:\Program Files\Java\jdk1.8.0_281\jre\lib\sunrsasign.jar;C:\Program Files\Java\jdk1.8.0_281\jre\lib\jsse.jar;C:\Program Files\Java\jdk1.8.0_281\jre\lib\jce.jar;C:\Program Files\Java\jdk1.8.0_281\jre\lib\charsets.jar;C:\Program Files\Java\jdk1.8.0_281\jre\lib\jfr.jar;C:\Program Files\Java\jdk1.8.0_281\jre\classes"/>
    <property name="user.script" value=""/>
    <property name="sun.management.compiler" value="HotSpot 64-Bit Tiered Compilers"/>
    <property name="java.runtime.version" value="1.8.0_281-b09"/>
    <property name="user.name" value="troch"/>
    <property name="path.separator" value=";"/>
    <property name="os.version" value="10.0"/>
    <property name="java.endorsed.dirs" value="C:\Program Files\Java\jdk1.8.0_281\jre\lib\endorsed"/>
    <property name="java.runtime.name" value="Java(TM) SE Runtime Environment"/>
    <property name="file.encoding" value="Cp1252"/>
    <property name="java.vm.name" value="Java HotSpot(TM) 64-Bit Server VM"/>
    <property name="localRepository" value="C:\Users\troch\.m2\repository"/>
    <property name="java.vendor.url.bug" value="http://bugreport.sun.com/bugreport/"/>
    <property name="java.io.tmpdir" value="C:\Users\troch\AppData\Local\Temp\"/>
    <property name="java.version" value="1.8.0_281"/>
    <property name="user.dir" value="D:\C306_DEVOIR\Devoir_1\activite2exo2"/>
    <property name="os.arch" value="amd64"/>
    <property name="java.vm.specification.name" value="Java Virtual Machine Specification"/>
    <property name="java.awt.printerjob" value="sun.awt.windows.WPrinterJob"/>
    <property name="sun.os.patch.level" value=""/>
    <property name="java.library.path" value="C:\Program Files\Java\jdk1.8.0_281\jre\bin;C:\WINDOWS\Sun\Java\bin;C:\WINDOWS\system32;C:\WINDOWS;C:\Program Files (x86)\Common Files\Oracle\Java\javapath;C:\Users\troch\AppData\Local\Android\Sdk\tools\lib\monitor-x86_64;C:\Program Files\dotnet\;C:\Program Files (x86)\dotnet\;C:\Program Files\nodejs\;C:\Program Files\Git\cmd;D:\apache-maven-3.8.3\bin;C:\Program Files\Java\jdk1.8.0_281\bin;C:\Program Files\MySQL\MySQL Shell 8.0\bin\;C:\Users\troch\AppData\Local\Programs\Python\Python38-32\Scripts\;C:\Users\troch\AppData\Local\Programs\Python\Python38-32\;C:\Users\troch\AppData\Local\Microsoft\WindowsApps;C:\Users\troch\AppData\Local\Programs\Microsoft VS Code\bin;C:\Users\troch\AppData\Local\atom\bin;C:\Users\troch\AppData\Local\Microsoft\WindowsApps;C:\Users\troch\.dotnet\tools;C:\Program Files\JetBrains\PyCharm Community Edition 2021.1.1\bin;C:\Program Files\Azure Data Studio\bin;C:\Users\troch\AppData\Local\GitHubDesktop\bin;C:\Users\troch\AppData\Roaming\npm;C:\Users\troch\OneDrive\Bureau\Master_MIAGE\DevWeb\Php\Tools;C:\Users\troch\AppData\Local\gitkraken\bin;D:\apache-maven-3.8.3\bin;;."/>
    <property name="java.vm.info" value="mixed mode"/>
    <property name="java.vendor" value="Oracle Corporation"/>
    <property name="java.vm.version" value="25.281-b09"/>
    <property name="java.ext.dirs" value="C:\Program Files\Java\jdk1.8.0_281\jre\lib\ext;C:\WINDOWS\Sun\Java\lib\ext"/>
    <property name="sun.io.unicode.encoding" value="UnicodeLittle"/>
    <property name="java.class.version" value="52.0"/>
  </properties>
  <testcase name="nc.unc.kevin.trochon.CalculTest.testConstructeur" classname="nc.unc.kevin.trochon.CalculTest" time="0"/>
  <testcase name="nc.unc.kevin.trochon.CalculTest.testSomme" classname="nc.unc.kevin.trochon.CalculTest" time="0"/>
  <testcase name="nc.unc.kevin.trochon.CalculTest.testDivision" classname="nc.unc.kevin.trochon.CalculTest" time="0"/>
  <testcase name="nc.unc.kevin.trochon.CalculTest.testMafonction" classname="nc.unc.kevin.trochon.CalculTest" time="0"/>
  <testcase name="nc.unc.kevin.trochon.CalculTest.testDivisionEchecTableauVide" classname="nc.unc.kevin.trochon.CalculTest" time="0.064"/>
</testsuite>